Copyright 1986-2022 Xilinx, Inc. All Rights Reserved. Copyright 2022-2024 Advanced Micro Devices, Inc. All Rights Reserved.
-------------------------------------------------------------------------------------------------------------------------------------------------
| Tool Version     : Vivado v.2024.2 (win64) Build 5239630 Fri Nov 08 22:35:27 MST 2024
| Date             : Fri Dec  5 10:29:12 2025
| Host             : Stefi running 64-bit major release  (build 9200)
| Command          : report_power -file cusum_top_power_routed.rpt -pb cusum_top_power_summary_routed.pb -rpx cusum_top_power_routed.rpx
| Design           : cusum_top
| Device           : xc7a35tcpg236-1
| Design State     : routed
| Grade            : commercial
| Process          : typical
| Characterization : Production
-------------------------------------------------------------------------------------------------------------------------------------------------

Power Report

Table of Contents
-----------------
1. Summary
1.1 On-Chip Components
1.2 Power Supply Summary
1.3 Confidence Level
2. Settings
2.1 Environment
2.2 Clock Constraints
3. Detailed Reports
3.1 By Hierarchy

1. Summary
----------

+--------------------------+--------------+
| Total On-Chip Power (W)  | 3.759        |
| Design Power Budget (W)  | Unspecified* |
| Power Budget Margin (W)  | NA           |
| Dynamic (W)              | 3.677        |
| Device Static (W)        | 0.082        |
| Effective TJA (C/W)      | 5.0          |
| Max Ambient (C)          | 66.2         |
| Junction Temperature (C) | 43.8         |
| Confidence Level         | Low          |
| Setting File             | ---          |
| Simulation Activity File | ---          |
| Design Nets Matched      | NA           |
+--------------------------+--------------+
* Specify Design Power Budget using, set_operating_conditions -design_power_budget <value in Watts>


1.1 On-Chip Components
----------------------

+----------------+-----------+----------+-----------+-----------------+
| On-Chip        | Power (W) | Used     | Available | Utilization (%) |
+----------------+-----------+----------+-----------+-----------------+
| Slice Logic    |     1.045 |     1427 |       --- |             --- |
|   LUT as Logic |     0.916 |      518 |     20800 |            2.49 |
|   Register     |     0.073 |      652 |     41600 |            1.57 |
|   CARRY4       |     0.050 |       24 |      8150 |            0.29 |
|   BUFG         |     0.006 |        1 |        32 |            3.13 |
|   Others       |     0.000 |      116 |       --- |             --- |
| Signals        |     1.475 |     1128 |       --- |             --- |
| Block RAM      |     0.250 |        6 |        50 |           12.00 |
| I/O            |     0.907 |       73 |       106 |           68.87 |
| Static Power   |     0.082 |          |           |                 |
| Total          |     3.759 |          |           |                 |
+----------------+-----------+----------+-----------+-----------------+


1.2 Power Supply Summary
------------------------

+-----------+-------------+-----------+-------------+------------+-------------+-------------+------------+
| Source    | Voltage (V) | Total (A) | Dynamic (A) | Static (A) | Powerup (A) | Budget (A)  | Margin (A) |
+-----------+-------------+-----------+-------------+------------+-------------+-------------+------------+
| Vccint    |       1.000 |     3.059 |       3.039 |      0.020 |       NA    | Unspecified | NA         |
| Vccaux    |       1.800 |     0.065 |       0.052 |      0.014 |       NA    | Unspecified | NA         |
| Vcco33    |       3.300 |     0.000 |       0.000 |      0.000 |       NA    | Unspecified | NA         |
| Vcco25    |       2.500 |     0.000 |       0.000 |      0.000 |       NA    | Unspecified | NA         |
| Vcco18    |       1.800 |     0.300 |       0.299 |      0.001 |       NA    | Unspecified | NA         |
| Vcco15    |       1.500 |     0.000 |       0.000 |      0.000 |       NA    | Unspecified | NA         |
| Vcco135   |       1.350 |     0.000 |       0.000 |      0.000 |       NA    | Unspecified | NA         |
| Vcco12    |       1.200 |     0.000 |       0.000 |      0.000 |       NA    | Unspecified | NA         |
| Vccaux_io |       1.800 |     0.000 |       0.000 |      0.000 |       NA    | Unspecified | NA         |
| Vccbram   |       1.000 |     0.008 |       0.007 |      0.001 |       NA    | Unspecified | NA         |
| MGTAVcc   |       1.000 |     0.000 |       0.000 |      0.000 |       NA    | Unspecified | NA         |
| MGTAVtt   |       1.200 |     0.000 |       0.000 |      0.000 |       NA    | Unspecified | NA         |
| Vccadc    |       1.800 |     0.020 |       0.000 |      0.020 |       NA    | Unspecified | NA         |
+-----------+-------------+-----------+-------------+------------+-------------+-------------+------------+


1.3 Confidence Level
--------------------

+-----------------------------+------------+--------------------------------------------------------+--------------------------------------------------------------------------------------------------------------------+
| User Input Data             | Confidence | Details                                                | Action                                                                                                             |
+-----------------------------+------------+--------------------------------------------------------+--------------------------------------------------------------------------------------------------------------------+
| Design implementation state | High       | Design is routed                                       |                                                                                                                    |
| Clock nodes activity        | Low        | User specified less than 75% of clocks                 | Provide missing clock activity with a constraint file, simulation results or by editing the "By Clock Domain" view |
| I/O nodes activity          | Low        | More than 75% of inputs are missing user specification | Provide missing input activity with simulation results or by editing the "By Resource Type -> I/Os" view           |
| Internal nodes activity     | Medium     | User specified less than 25% of internal nodes         | Provide missing internal nodes activity with simulation results or by editing the "By Resource Type" views         |
| Device models               | High       | Device models are Production                           |                                                                                                                    |
|                             |            |                                                        |                                                                                                                    |
| Overall confidence level    | Low        |                                                        |                                                                                                                    |
+-----------------------------+------------+--------------------------------------------------------+--------------------------------------------------------------------------------------------------------------------+


2. Settings
-----------

2.1 Environment
---------------

+-----------------------+--------------------------+
| Ambient Temp (C)      | 25.0                     |
| ThetaJA (C/W)         | 5.0                      |
| Airflow (LFM)         | 250                      |
| Heat Sink             | medium (Medium Profile)  |
| ThetaSA (C/W)         | 4.6                      |
| Board Selection       | medium (10"x10")         |
| # of Board Layers     | 12to15 (12 to 15 Layers) |
| Board Temperature (C) | 25.0                     |
+-----------------------+--------------------------+


2.2 Clock Constraints
---------------------

+-------+--------+-----------------+
| Clock | Domain | Constraint (ns) |
+-------+--------+-----------------+


3. Detailed Reports
-------------------

3.1 By Hierarchy
----------------

+-----------------------------------+-----------+
| Name                              | Power (W) |
+-----------------------------------+-----------+
| cusum_top                         |     3.677 |
|   BROAD_inst                      |     0.001 |
|     inst                          |     0.001 |
|       broadcaster_core            |     0.001 |
|   FIFO10_inst                     |     0.089 |
|     inst                          |     0.089 |
|       gen_fifo.xpm_fifo_axis_inst |     0.089 |
|   FIFO11_inst                     |     0.090 |
|     inst                          |     0.090 |
|       gen_fifo.xpm_fifo_axis_inst |     0.090 |
|   FIFO1_inst                      |     0.131 |
|     inst                          |     0.131 |
|       gen_fifo.xpm_fifo_axis_inst |     0.131 |
|   FIFO2_inst                      |     0.134 |
|     inst                          |     0.134 |
|       gen_fifo.xpm_fifo_axis_inst |     0.134 |
|   FIFO3_inst                      |     0.109 |
|     inst                          |     0.109 |
|       gen_fifo.xpm_fifo_axis_inst |     0.109 |
|   FIFO4_inst                      |     0.203 |
|     inst                          |     0.203 |
|       gen_fifo.xpm_fifo_axis_inst |     0.203 |
|   FIFO5_inst                      |     0.196 |
|     inst                          |     0.196 |
|       gen_fifo.xpm_fifo_axis_inst |     0.196 |
|   FIFO6_inst                      |     0.198 |
|     inst                          |     0.198 |
|       gen_fifo.xpm_fifo_axis_inst |     0.198 |
|   FIFO7_inst                      |     0.191 |
|     inst                          |     0.191 |
|       gen_fifo.xpm_fifo_axis_inst |     0.191 |
|   FIFO8_inst                      |     0.174 |
|     inst                          |     0.174 |
|       gen_fifo.xpm_fifo_axis_inst |     0.174 |
|   FIFO9_inst                      |     0.167 |
|     inst                          |     0.167 |
|       gen_fifo.xpm_fifo_axis_inst |     0.167 |
|   MAX1_inst                       |     0.029 |
|   MAX2_inst                       |     0.025 |
|   SUB1_inst                       |     0.009 |
|   SUB3_inst                       |     0.140 |
|   SUB4_inst                       |     0.142 |
|   THRESH_inst                     |     0.332 |
+-----------------------------------+-----------+


