Copyright 1986-2022 Xilinx, Inc. All Rights Reserved. Copyright 2022-2024 Advanced Micro Devices, Inc. All Rights Reserved.
---------------------------------------------------------------------------------------------------------------------------------------------
| Tool Version : Vivado v.2024.2 (win64) Build 5239630 Fri Nov 08 22:35:27 MST 2024
| Date         : Fri Dec  5 17:10:50 2025
| Host         : Stefi running 64-bit major release  (build 9200)
| Command      : report_control_sets -verbose -file top_control_sets_placed.rpt
| Design       : top
| Device       : xc7a35t
---------------------------------------------------------------------------------------------------------------------------------------------

Control Set Information

Table of Contents
-----------------
1. Summary
2. Histogram
3. Flip-Flop Distribution
4. Detailed Control Set Information

1. Summary
----------

+----------------------------------------------------------+-------+
|                          Status                          | Count |
+----------------------------------------------------------+-------+
| Total control sets                                       |    66 |
|    Minimum number of control sets                        |    66 |
|    Addition due to synthesis replication                 |     0 |
|    Addition due to physical synthesis replication        |     0 |
| Unused register locations in slices containing registers |   211 |
+----------------------------------------------------------+-------+
* Control sets can be merged at opt_design using control_set_merge or merge_equivalent_drivers
** Run report_qor_suggestions for automated merging and remapping suggestions


2. Histogram
------------

+--------------------+-------+
|       Fanout       | Count |
+--------------------+-------+
| Total control sets |    66 |
| >= 0 to < 4        |    14 |
| >= 4 to < 6        |     0 |
| >= 6 to < 8        |    13 |
| >= 8 to < 10       |     1 |
| >= 10 to < 12      |     0 |
| >= 12 to < 14      |    26 |
| >= 14 to < 16      |     0 |
| >= 16              |    12 |
+--------------------+-------+
* Control sets can be remapped at either synth_design or opt_design


3. Flip-Flop Distribution
-------------------------

+--------------+-----------------------+------------------------+-----------------+--------------+
| Clock Enable | Synchronous Set/Reset | Asynchronous Set/Reset | Total Registers | Total Slices |
+--------------+-----------------------+------------------------+-----------------+--------------+
| No           | No                    | No                     |             130 |           43 |
| No           | No                    | Yes                    |               0 |            0 |
| No           | Yes                   | No                     |             137 |           63 |
| Yes          | No                    | No                     |               1 |            1 |
| Yes          | No                    | Yes                    |              16 |            4 |
| Yes          | Yes                   | No                     |             665 |          191 |
+--------------+-----------------------+------------------------+-----------------+--------------+


4. Detailed Control Set Information
-----------------------------------

+----------------+--------------------------------------------------------------------------------------------------------------------------------------+------------------------------------------------------------------------------------------------------+------------------+----------------+--------------+
|  Clock Signal  |                                                             Enable Signal                                                            |                                           Set/Reset Signal                                           | Slice Load Count | Bel Load Count | Bels / Slice |
+----------------+--------------------------------------------------------------------------------------------------------------------------------------+------------------------------------------------------------------------------------------------------+------------------+----------------+--------------+
|  clk_IBUF_BUFG | DEBOUNCE_inst/eqOp                                                                                                                   |                                                                                                      |                1 |              1 |         1.00 |
|  clk_IBUF_BUFG |                                                                                                                                      | CUSUM_inst/FIFO9_inst/inst/gen_fifo.xpm_fifo_axis_inst/xpm_fifo_base_inst/xpm_fifo_rst_inst/rst_i    |                1 |              3 |         3.00 |
|  clk_IBUF_BUFG |                                                                                                                                      | CUSUM_inst/FIFO8_inst/inst/gen_fifo.xpm_fifo_axis_inst/xpm_fifo_base_inst/xpm_fifo_rst_inst/rst_i    |                1 |              3 |         3.00 |
|  clk_IBUF_BUFG |                                                                                                                                      | CUSUM_inst/FIFO2_inst/inst/gen_fifo.xpm_fifo_axis_inst/xpm_fifo_base_inst/xpm_fifo_rst_inst/rst_i    |                2 |              3 |         1.50 |
|  clk_IBUF_BUFG |                                                                                                                                      | CUSUM_inst/FIFO3_inst/inst/gen_fifo.xpm_fifo_axis_inst/xpm_fifo_base_inst/xpm_fifo_rst_inst/rst_i    |                2 |              3 |         1.50 |
|  clk_IBUF_BUFG |                                                                                                                                      | CUSUM_inst/FIFO_BR2_inst/inst/gen_fifo.xpm_fifo_axis_inst/xpm_fifo_base_inst/xpm_fifo_rst_inst/rst_i |                2 |              3 |         1.50 |
|  clk_IBUF_BUFG |                                                                                                                                      | CUSUM_inst/FIFO_BR1_inst/inst/gen_fifo.xpm_fifo_axis_inst/xpm_fifo_base_inst/xpm_fifo_rst_inst/rst_i |                1 |              3 |         3.00 |
|  clk_IBUF_BUFG |                                                                                                                                      | CUSUM_inst/FIFO11_inst/inst/gen_fifo.xpm_fifo_axis_inst/xpm_fifo_base_inst/xpm_fifo_rst_inst/rst_i   |                1 |              3 |         3.00 |
|  clk_IBUF_BUFG |                                                                                                                                      | CUSUM_inst/FIFO10_inst/inst/gen_fifo.xpm_fifo_axis_inst/xpm_fifo_base_inst/xpm_fifo_rst_inst/rst_i   |                2 |              3 |         1.50 |
|  clk_IBUF_BUFG |                                                                                                                                      | CUSUM_inst/FIFO1_inst/inst/gen_fifo.xpm_fifo_axis_inst/xpm_fifo_base_inst/xpm_fifo_rst_inst/rst_i    |                1 |              3 |         3.00 |
|  clk_IBUF_BUFG |                                                                                                                                      | CUSUM_inst/FIFO6_inst/inst/gen_fifo.xpm_fifo_axis_inst/xpm_fifo_base_inst/xpm_fifo_rst_inst/rst_i    |                2 |              3 |         1.50 |
|  clk_IBUF_BUFG |                                                                                                                                      | CUSUM_inst/FIFO7_inst/inst/gen_fifo.xpm_fifo_axis_inst/xpm_fifo_base_inst/xpm_fifo_rst_inst/rst_i    |                1 |              3 |         3.00 |
|  clk_IBUF_BUFG |                                                                                                                                      | CUSUM_inst/FIFO4_inst/inst/gen_fifo.xpm_fifo_axis_inst/xpm_fifo_base_inst/xpm_fifo_rst_inst/rst_i    |                2 |              3 |         1.50 |
|  clk_IBUF_BUFG |                                                                                                                                      | CUSUM_inst/FIFO5_inst/inst/gen_fifo.xpm_fifo_axis_inst/xpm_fifo_base_inst/xpm_fifo_rst_inst/rst_i    |                1 |              3 |         3.00 |
|  clk_IBUF_BUFG |                                                                                                                                      | CUSUM_inst/FIFO2_inst/inst/gen_fifo.xpm_fifo_axis_inst/xpm_fifo_base_inst/xpm_fifo_rst_inst/Q[0]     |                3 |              6 |         2.00 |
|  clk_IBUF_BUFG |                                                                                                                                      | CUSUM_inst/FIFO1_inst/inst/gen_fifo.xpm_fifo_axis_inst/xpm_fifo_base_inst/xpm_fifo_rst_inst/Q[0]     |                3 |              6 |         2.00 |
|  clk_IBUF_BUFG |                                                                                                                                      | CUSUM_inst/FIFO3_inst/inst/gen_fifo.xpm_fifo_axis_inst/xpm_fifo_base_inst/xpm_fifo_rst_inst/Q[0]     |                3 |              7 |         2.33 |
|  clk_IBUF_BUFG |                                                                                                                                      | CUSUM_inst/FIFO9_inst/inst/gen_fifo.xpm_fifo_axis_inst/xpm_fifo_base_inst/xpm_fifo_rst_inst/Q[0]     |                3 |              7 |         2.33 |
|  clk_IBUF_BUFG |                                                                                                                                      | CUSUM_inst/FIFO8_inst/inst/gen_fifo.xpm_fifo_axis_inst/xpm_fifo_base_inst/xpm_fifo_rst_inst/Q[0]     |                4 |              7 |         1.75 |
|  clk_IBUF_BUFG |                                                                                                                                      | CUSUM_inst/FIFO10_inst/inst/gen_fifo.xpm_fifo_axis_inst/xpm_fifo_base_inst/xpm_fifo_rst_inst/Q[0]    |                3 |              7 |         2.33 |
|  clk_IBUF_BUFG |                                                                                                                                      | CUSUM_inst/FIFO_BR2_inst/inst/gen_fifo.xpm_fifo_axis_inst/xpm_fifo_base_inst/xpm_fifo_rst_inst/Q[0]  |                2 |              7 |         3.50 |
|  clk_IBUF_BUFG |                                                                                                                                      | CUSUM_inst/FIFO_BR1_inst/inst/gen_fifo.xpm_fifo_axis_inst/xpm_fifo_base_inst/xpm_fifo_rst_inst/Q[0]  |                3 |              7 |         2.33 |
|  clk_IBUF_BUFG |                                                                                                                                      | CUSUM_inst/FIFO11_inst/inst/gen_fifo.xpm_fifo_axis_inst/xpm_fifo_base_inst/xpm_fifo_rst_inst/Q[0]    |                2 |              7 |         3.50 |
|  clk_IBUF_BUFG |                                                                                                                                      | CUSUM_inst/FIFO6_inst/inst/gen_fifo.xpm_fifo_axis_inst/xpm_fifo_base_inst/xpm_fifo_rst_inst/Q[0]     |                2 |              7 |         3.50 |
|  clk_IBUF_BUFG |                                                                                                                                      | CUSUM_inst/FIFO7_inst/inst/gen_fifo.xpm_fifo_axis_inst/xpm_fifo_base_inst/xpm_fifo_rst_inst/Q[0]     |                3 |              7 |         2.33 |
|  clk_IBUF_BUFG |                                                                                                                                      | CUSUM_inst/FIFO4_inst/inst/gen_fifo.xpm_fifo_axis_inst/xpm_fifo_base_inst/xpm_fifo_rst_inst/Q[0]     |                3 |              7 |         2.33 |
|  clk_IBUF_BUFG |                                                                                                                                      | CUSUM_inst/FIFO5_inst/inst/gen_fifo.xpm_fifo_axis_inst/xpm_fifo_base_inst/xpm_fifo_rst_inst/Q[0]     |                3 |              7 |         2.33 |
|  clk_IBUF_BUFG |                                                                                                                                      | rst_IBUF                                                                                             |                7 |              9 |         1.29 |
|  clk_IBUF_BUFG | CUSUM_inst/FIFO9_inst/inst/gen_fifo.xpm_fifo_axis_inst/xpm_fifo_base_inst/xpm_fifo_rst_inst/E[0]                                     | CUSUM_inst/FIFO9_inst/inst/gen_fifo.xpm_fifo_axis_inst/xpm_fifo_base_inst/xpm_fifo_rst_inst/Q[0]     |                5 |             12 |         2.40 |
|  clk_IBUF_BUFG | CUSUM_inst/FIFO8_inst/inst/gen_fifo.xpm_fifo_axis_inst/xpm_fifo_base_inst/rdp_inst/FSM_sequential_gen_fwft.curr_fwft_state_reg[1]    | CUSUM_inst/FIFO8_inst/inst/gen_fifo.xpm_fifo_axis_inst/xpm_fifo_base_inst/xpm_fifo_rst_inst/Q[0]     |                3 |             12 |         4.00 |
|  clk_IBUF_BUFG | CUSUM_inst/FIFO8_inst/inst/gen_fifo.xpm_fifo_axis_inst/xpm_fifo_base_inst/xpm_fifo_rst_inst/E[0]                                     | CUSUM_inst/FIFO8_inst/inst/gen_fifo.xpm_fifo_axis_inst/xpm_fifo_base_inst/xpm_fifo_rst_inst/Q[0]     |                4 |             12 |         3.00 |
|  clk_IBUF_BUFG | CUSUM_inst/FIFO9_inst/inst/gen_fifo.xpm_fifo_axis_inst/xpm_fifo_base_inst/rdp_inst/FSM_sequential_gen_fwft.curr_fwft_state_reg[1]    | CUSUM_inst/FIFO9_inst/inst/gen_fifo.xpm_fifo_axis_inst/xpm_fifo_base_inst/xpm_fifo_rst_inst/Q[0]     |                3 |             12 |         4.00 |
|  clk_IBUF_BUFG | CUSUM_inst/FIFO2_inst/inst/gen_fifo.xpm_fifo_axis_inst/xpm_fifo_base_inst/rdp_inst/FSM_sequential_gen_fwft.curr_fwft_state_reg[1]    | CUSUM_inst/FIFO2_inst/inst/gen_fifo.xpm_fifo_axis_inst/xpm_fifo_base_inst/xpm_fifo_rst_inst/Q[0]     |                4 |             12 |         3.00 |
|  clk_IBUF_BUFG | CUSUM_inst/FIFO2_inst/inst/gen_fifo.xpm_fifo_axis_inst/xpm_fifo_base_inst/xpm_fifo_rst_inst/E[0]                                     | CUSUM_inst/FIFO2_inst/inst/gen_fifo.xpm_fifo_axis_inst/xpm_fifo_base_inst/xpm_fifo_rst_inst/Q[0]     |                3 |             12 |         4.00 |
|  clk_IBUF_BUFG | CUSUM_inst/FIFO3_inst/inst/gen_fifo.xpm_fifo_axis_inst/xpm_fifo_base_inst/rdp_inst/FSM_sequential_gen_fwft.curr_fwft_state_reg[1]    | CUSUM_inst/FIFO3_inst/inst/gen_fifo.xpm_fifo_axis_inst/xpm_fifo_base_inst/xpm_fifo_rst_inst/Q[0]     |                4 |             12 |         3.00 |
|  clk_IBUF_BUFG | CUSUM_inst/FIFO3_inst/inst/gen_fifo.xpm_fifo_axis_inst/xpm_fifo_base_inst/xpm_fifo_rst_inst/E[0]                                     | CUSUM_inst/FIFO3_inst/inst/gen_fifo.xpm_fifo_axis_inst/xpm_fifo_base_inst/xpm_fifo_rst_inst/Q[0]     |                6 |             12 |         2.00 |
|  clk_IBUF_BUFG | CUSUM_inst/FIFO_BR2_inst/inst/gen_fifo.xpm_fifo_axis_inst/xpm_fifo_base_inst/xpm_fifo_rst_inst/E[0]                                  | CUSUM_inst/FIFO_BR2_inst/inst/gen_fifo.xpm_fifo_axis_inst/xpm_fifo_base_inst/xpm_fifo_rst_inst/Q[0]  |                5 |             12 |         2.40 |
|  clk_IBUF_BUFG | CUSUM_inst/FIFO_BR1_inst/inst/gen_fifo.xpm_fifo_axis_inst/xpm_fifo_base_inst/rdp_inst/FSM_sequential_gen_fwft.curr_fwft_state_reg[1] | CUSUM_inst/FIFO_BR1_inst/inst/gen_fifo.xpm_fifo_axis_inst/xpm_fifo_base_inst/xpm_fifo_rst_inst/Q[0]  |                4 |             12 |         3.00 |
|  clk_IBUF_BUFG | CUSUM_inst/FIFO_BR1_inst/inst/gen_fifo.xpm_fifo_axis_inst/xpm_fifo_base_inst/xpm_fifo_rst_inst/E[0]                                  | CUSUM_inst/FIFO_BR1_inst/inst/gen_fifo.xpm_fifo_axis_inst/xpm_fifo_base_inst/xpm_fifo_rst_inst/Q[0]  |                4 |             12 |         3.00 |
|  clk_IBUF_BUFG | CUSUM_inst/FIFO_BR2_inst/inst/gen_fifo.xpm_fifo_axis_inst/xpm_fifo_base_inst/rdp_inst/FSM_sequential_gen_fwft.curr_fwft_state_reg[1] | CUSUM_inst/FIFO_BR2_inst/inst/gen_fifo.xpm_fifo_axis_inst/xpm_fifo_base_inst/xpm_fifo_rst_inst/Q[0]  |                4 |             12 |         3.00 |
|  clk_IBUF_BUFG | CUSUM_inst/FIFO11_inst/inst/gen_fifo.xpm_fifo_axis_inst/xpm_fifo_base_inst/rdp_inst/FSM_sequential_gen_fwft.curr_fwft_state_reg[1]   | CUSUM_inst/FIFO11_inst/inst/gen_fifo.xpm_fifo_axis_inst/xpm_fifo_base_inst/xpm_fifo_rst_inst/Q[0]    |                4 |             12 |         3.00 |
|  clk_IBUF_BUFG | CUSUM_inst/FIFO11_inst/inst/gen_fifo.xpm_fifo_axis_inst/xpm_fifo_base_inst/xpm_fifo_rst_inst/E[0]                                    | CUSUM_inst/FIFO11_inst/inst/gen_fifo.xpm_fifo_axis_inst/xpm_fifo_base_inst/xpm_fifo_rst_inst/Q[0]    |                4 |             12 |         3.00 |
|  clk_IBUF_BUFG | CUSUM_inst/FIFO10_inst/inst/gen_fifo.xpm_fifo_axis_inst/xpm_fifo_base_inst/rdp_inst/FSM_sequential_gen_fwft.curr_fwft_state_reg[1]   | CUSUM_inst/FIFO10_inst/inst/gen_fifo.xpm_fifo_axis_inst/xpm_fifo_base_inst/xpm_fifo_rst_inst/Q[0]    |                4 |             12 |         3.00 |
|  clk_IBUF_BUFG | CUSUM_inst/FIFO10_inst/inst/gen_fifo.xpm_fifo_axis_inst/xpm_fifo_base_inst/xpm_fifo_rst_inst/E[0]                                    | CUSUM_inst/FIFO10_inst/inst/gen_fifo.xpm_fifo_axis_inst/xpm_fifo_base_inst/xpm_fifo_rst_inst/Q[0]    |                4 |             12 |         3.00 |
|  clk_IBUF_BUFG | CUSUM_inst/FIFO1_inst/inst/gen_fifo.xpm_fifo_axis_inst/xpm_fifo_base_inst/rdp_inst/FSM_sequential_gen_fwft.curr_fwft_state_reg[1]    | CUSUM_inst/FIFO1_inst/inst/gen_fifo.xpm_fifo_axis_inst/xpm_fifo_base_inst/xpm_fifo_rst_inst/Q[0]     |                5 |             12 |         2.40 |
|  clk_IBUF_BUFG | CUSUM_inst/FIFO1_inst/inst/gen_fifo.xpm_fifo_axis_inst/xpm_fifo_base_inst/xpm_fifo_rst_inst/E[0]                                     | CUSUM_inst/FIFO1_inst/inst/gen_fifo.xpm_fifo_axis_inst/xpm_fifo_base_inst/xpm_fifo_rst_inst/Q[0]     |                4 |             12 |         3.00 |
|  clk_IBUF_BUFG | CUSUM_inst/FIFO6_inst/inst/gen_fifo.xpm_fifo_axis_inst/xpm_fifo_base_inst/rdp_inst/FSM_sequential_gen_fwft.curr_fwft_state_reg[1]    | CUSUM_inst/FIFO6_inst/inst/gen_fifo.xpm_fifo_axis_inst/xpm_fifo_base_inst/xpm_fifo_rst_inst/Q[0]     |                4 |             12 |         3.00 |
|  clk_IBUF_BUFG | CUSUM_inst/FIFO6_inst/inst/gen_fifo.xpm_fifo_axis_inst/xpm_fifo_base_inst/xpm_fifo_rst_inst/E[0]                                     | CUSUM_inst/FIFO6_inst/inst/gen_fifo.xpm_fifo_axis_inst/xpm_fifo_base_inst/xpm_fifo_rst_inst/Q[0]     |                4 |             12 |         3.00 |
|  clk_IBUF_BUFG | CUSUM_inst/FIFO7_inst/inst/gen_fifo.xpm_fifo_axis_inst/xpm_fifo_base_inst/rdp_inst/FSM_sequential_gen_fwft.curr_fwft_state_reg[1]    | CUSUM_inst/FIFO7_inst/inst/gen_fifo.xpm_fifo_axis_inst/xpm_fifo_base_inst/xpm_fifo_rst_inst/Q[0]     |                5 |             12 |         2.40 |
|  clk_IBUF_BUFG | CUSUM_inst/FIFO7_inst/inst/gen_fifo.xpm_fifo_axis_inst/xpm_fifo_base_inst/xpm_fifo_rst_inst/E[0]                                     | CUSUM_inst/FIFO7_inst/inst/gen_fifo.xpm_fifo_axis_inst/xpm_fifo_base_inst/xpm_fifo_rst_inst/Q[0]     |                3 |             12 |         4.00 |
|  clk_IBUF_BUFG | CUSUM_inst/FIFO4_inst/inst/gen_fifo.xpm_fifo_axis_inst/xpm_fifo_base_inst/rdp_inst/FSM_sequential_gen_fwft.curr_fwft_state_reg[1]    | CUSUM_inst/FIFO4_inst/inst/gen_fifo.xpm_fifo_axis_inst/xpm_fifo_base_inst/xpm_fifo_rst_inst/Q[0]     |                5 |             12 |         2.40 |
|  clk_IBUF_BUFG | CUSUM_inst/FIFO4_inst/inst/gen_fifo.xpm_fifo_axis_inst/xpm_fifo_base_inst/xpm_fifo_rst_inst/E[0]                                     | CUSUM_inst/FIFO4_inst/inst/gen_fifo.xpm_fifo_axis_inst/xpm_fifo_base_inst/xpm_fifo_rst_inst/Q[0]     |                3 |             12 |         4.00 |
|  clk_IBUF_BUFG | CUSUM_inst/FIFO5_inst/inst/gen_fifo.xpm_fifo_axis_inst/xpm_fifo_base_inst/rdp_inst/FSM_sequential_gen_fwft.curr_fwft_state_reg[1]    | CUSUM_inst/FIFO5_inst/inst/gen_fifo.xpm_fifo_axis_inst/xpm_fifo_base_inst/xpm_fifo_rst_inst/Q[0]     |                4 |             12 |         3.00 |
|  clk_IBUF_BUFG | CUSUM_inst/FIFO5_inst/inst/gen_fifo.xpm_fifo_axis_inst/xpm_fifo_base_inst/xpm_fifo_rst_inst/E[0]                                     | CUSUM_inst/FIFO5_inst/inst/gen_fifo.xpm_fifo_axis_inst/xpm_fifo_base_inst/xpm_fifo_rst_inst/Q[0]     |                4 |             12 |         3.00 |
|  clk_IBUF_BUFG | DEBOUNCE_inst/debounced_btn                                                                                                          | rst_IBUF                                                                                             |                4 |             16 |         4.00 |
|  clk_IBUF_BUFG | CUSUM_inst/MAX2_inst/E[0]                                                                                                            | CUSUM_inst/MAX2_inst/result[31]_i_1__0_n_0                                                           |                5 |             32 |         6.40 |
|  clk_IBUF_BUFG | CUSUM_inst/SUB2_inst/result[31]_i_1__3_n_0                                                                                           | rst_IBUF                                                                                             |                8 |             32 |         4.00 |
|  clk_IBUF_BUFG | CUSUM_inst/SUB3_inst/E[0]                                                                                                            | rst_IBUF                                                                                             |                8 |             32 |         4.00 |
|  clk_IBUF_BUFG | CUSUM_inst/ADD1_inst/result[31]_i_1__2_n_0                                                                                           | rst_IBUF                                                                                             |                8 |             32 |         4.00 |
|  clk_IBUF_BUFG | CUSUM_inst/MAX1_inst/E[0]                                                                                                            | CUSUM_inst/MAX1_inst/result[31]_i_1_n_0                                                              |                7 |             32 |         4.57 |
|  clk_IBUF_BUFG | CUSUM_inst/SUB4_inst/E[0]                                                                                                            | rst_IBUF                                                                                             |                8 |             32 |         4.00 |
|  clk_IBUF_BUFG | CUSUM_inst/THRESH_inst/gM_reg0                                                                                                       | rst_IBUF                                                                                             |               10 |             32 |         3.20 |
|  clk_IBUF_BUFG | CUSUM_inst/THRESH_inst/gP_reg0                                                                                                       | rst_IBUF                                                                                             |               10 |             32 |         3.20 |
|  clk_IBUF_BUFG | CUSUM_inst/SUB1_inst/result[31]_i_1__1_n_0                                                                                           | rst_IBUF                                                                                             |                8 |             32 |         4.00 |
|  clk_IBUF_BUFG | CUSUM_inst/THRESH_inst/gpp_reg0                                                                                                      | rst_IBUF                                                                                             |               13 |             65 |         5.00 |
|  clk_IBUF_BUFG |                                                                                                                                      |                                                                                                      |               43 |            130 |         3.02 |
+----------------+--------------------------------------------------------------------------------------------------------------------------------------+------------------------------------------------------------------------------------------------------+------------------+----------------+--------------+


